C:\USERS\MIDAS\DROPBOX\VISUAL STUDIO 2010\KNAPSACK\DEBUG\KNAPSACK.EXE
C:\USERS\MIDAS\DROPBOX\VISUAL STUDIO 2010\KNAPSACK\DEBUG\KNAPSACK.ILK
C:\USERS\MIDAS\DROPBOX\VISUAL STUDIO 2010\KNAPSACK\DEBUG\KNAPSACK.PDB
C:\Users\Midas\Dropbox\visual studio 2010\knapsack\knapsack\Debug\cl.command.1.tlog
C:\Users\Midas\Dropbox\visual studio 2010\knapsack\knapsack\Debug\CL.read.1.tlog
C:\Users\Midas\Dropbox\visual studio 2010\knapsack\knapsack\Debug\CL.write.1.tlog
C:\USERS\MIDAS\DROPBOX\VISUAL STUDIO 2010\KNAPSACK\KNAPSACK\DEBUG\KNAPSACK.EXE.EMBED.MANIFEST
C:\USERS\MIDAS\DROPBOX\VISUAL STUDIO 2010\KNAPSACK\KNAPSACK\DEBUG\KNAPSACK.EXE.EMBED.MANIFEST.RES
C:\USERS\MIDAS\DROPBOX\VISUAL STUDIO 2010\KNAPSACK\KNAPSACK\DEBUG\KNAPSACK.EXE.INTERMEDIATE.MANIFEST
C:\USERS\MIDAS\DROPBOX\VISUAL STUDIO 2010\KNAPSACK\KNAPSACK\DEBUG\KNAPSACK.OBJ
C:\Users\Midas\Dropbox\visual studio 2010\knapsack\knapsack\Debug\knapsack.write.1.tlog
C:\Users\Midas\Dropbox\visual studio 2010\knapsack\knapsack\Debug\knapsack_manifest.rc
C:\Users\Midas\Dropbox\visual studio 2010\knapsack\knapsack\Debug\link.7752.read.1.tlog
C:\Users\Midas\Dropbox\visual studio 2010\knapsack\knapsack\Debug\link.7752.write.1.tlog
C:\Users\Midas\Dropbox\visual studio 2010\knapsack\knapsack\Debug\link.7752-cvtres.read.1.tlog
C:\Users\Midas\Dropbox\visual studio 2010\knapsack\knapsack\Debug\link.7752-cvtres.write.1.tlog
C:\Users\Midas\Dropbox\visual studio 2010\knapsack\knapsack\Debug\link.command.1.tlog
C:\Users\Midas\Dropbox\visual studio 2010\knapsack\knapsack\Debug\link.read.1.tlog
C:\Users\Midas\Dropbox\visual studio 2010\knapsack\knapsack\Debug\link.write.1.tlog
C:\Users\Midas\Dropbox\visual studio 2010\knapsack\knapsack\Debug\link-cvtres.read.1.tlog
C:\Users\Midas\Dropbox\visual studio 2010\knapsack\knapsack\Debug\link-cvtres.write.1.tlog
C:\Users\Midas\Dropbox\visual studio 2010\knapsack\knapsack\Debug\mt.command.1.tlog
C:\Users\Midas\Dropbox\visual studio 2010\knapsack\knapsack\Debug\mt.read.1.tlog
C:\Users\Midas\Dropbox\visual studio 2010\knapsack\knapsack\Debug\mt.write.1.tlog
C:\Users\Midas\Dropbox\visual studio 2010\knapsack\knapsack\Debug\rc.command.1.tlog
C:\Users\Midas\Dropbox\visual studio 2010\knapsack\knapsack\Debug\rc.read.1.tlog
C:\Users\Midas\Dropbox\visual studio 2010\knapsack\knapsack\Debug\rc.write.1.tlog
C:\Users\Midas\Dropbox\visual studio 2010\knapsack\knapsack\Debug\vc100.idb
C:\USERS\MIDAS\DROPBOX\VISUAL STUDIO 2010\KNAPSACK\KNAPSACK\DEBUG\VC100.PDB
