Build started 6/7/2556 18:40:05.
     1>Project "C:\Users\Midas\Dropbox\visual studio 2010\knapsack\knapsack\knapsack.vcxproj" on node 2 (rebuild target(s)).
     1>_PrepareForClean:
         Deleting file "Debug\knapsack.lastbuildstate".
       InitializeBuildStatus:
         Creating "Debug\knapsack.unsuccessfulbuild" because "AlwaysCreate" was specified.
       ClCompile:
         C:\Program Files (x86)\Microsoft Visual Studio 10.0\VC\bin\CL.exe /c /ZI /nologo /W3 /WX- /Od /Oy- /D WIN32 /D _DEBUG /D _CONSOLE /D _UNICODE /D UNICODE /Gm /EHsc /RTC1 /MDd /GS /fp:precise /Zc:wchar_t /Zc:forScope /Fo"Debug\\" /Fd"Debug\vc100.pdb" /Gd /TP /analyze- /errorReport:prompt knapsack.cpp
         knapsack.cpp
       ManifestResourceCompile:
         C:\Program Files (x86)\Microsoft SDKs\Windows\v7.0A\bin\rc.exe /nologo /fo"Debug\knapsack.exe.embed.manifest.res" Debug\knapsack_manifest.rc 
       Link:
         C:\Program Files (x86)\Microsoft Visual Studio 10.0\VC\bin\link.exe /ERRORREPORT:PROMPT /OUT:"C:\Users\Midas\Dropbox\visual studio 2010\knapsack\Debug\knapsack.exe" /INCREMENTAL /NOLOGO kernel32.lib user32.lib gdi32.lib winspool.lib comdlg32.lib advapi32.lib shell32.lib ole32.lib oleaut32.lib uuid.lib odbc32.lib odbccp32.lib /MANIFEST /ManifestFile:"Debug\knapsack.exe.intermediate.manifest" /MANIFESTUAC:"level='asInvoker' uiAccess='false'" /DEBUG /PDB:"C:\Users\Midas\Dropbox\visual studio 2010\knapsack\Debug\knapsack.pdb" /SUBSYSTEM:CONSOLE /TLBID:1 /DYNAMICBASE /NXCOMPAT /IMPLIB:"C:\Users\Midas\Dropbox\visual studio 2010\knapsack\Debug\knapsack.lib" /MACHINE:X86 Debug\knapsack.exe.embed.manifest.res
         Debug\knapsack.obj
       Manifest:
         Deleting file "Debug\knapsack.exe.embed.manifest".
         C:\Program Files (x86)\Microsoft SDKs\Windows\v7.0A\bin\mt.exe /nologo /verbose /out:"Debug\knapsack.exe.embed.manifest" /manifest Debug\knapsack.exe.intermediate.manifest
         C:\Program Files (x86)\Microsoft SDKs\Windows\v7.0A\bin\rc.exe /nologo /fo"Debug\knapsack.exe.embed.manifest.res" Debug\knapsack_manifest.rc 
       LinkEmbedManifest:
         C:\Program Files (x86)\Microsoft Visual Studio 10.0\VC\bin\link.exe /ERRORREPORT:PROMPT /OUT:"C:\Users\Midas\Dropbox\visual studio 2010\knapsack\Debug\knapsack.exe" /INCREMENTAL /NOLOGO kernel32.lib user32.lib gdi32.lib winspool.lib comdlg32.lib advapi32.lib shell32.lib ole32.lib oleaut32.lib uuid.lib odbc32.lib odbccp32.lib /MANIFEST /ManifestFile:"Debug\knapsack.exe.intermediate.manifest" /MANIFESTUAC:"level='asInvoker' uiAccess='false'" /DEBUG /PDB:"C:\Users\Midas\Dropbox\visual studio 2010\knapsack\Debug\knapsack.pdb" /SUBSYSTEM:CONSOLE /TLBID:1 /DYNAMICBASE /NXCOMPAT /IMPLIB:"C:\Users\Midas\Dropbox\visual studio 2010\knapsack\Debug\knapsack.lib" /MACHINE:X86 Debug\knapsack.exe.embed.manifest.res
         Debug\knapsack.obj
         knapsack.vcxproj -> C:\Users\Midas\Dropbox\visual studio 2010\knapsack\Debug\knapsack.exe
       FinalizeBuildStatus:
         Deleting file "Debug\knapsack.unsuccessfulbuild".
         Touching "Debug\knapsack.lastbuildstate".
     1>Done Building Project "C:\Users\Midas\Dropbox\visual studio 2010\knapsack\knapsack\knapsack.vcxproj" (rebuild target(s)).

Build succeeded.

Time Elapsed 00:00:00.97
